<?xml version="1.0" encoding="UTF-8"?>
<testng-results ignored="0" total="1" passed="1" failed="0" skipped="0">
  <reporter-output>
  </reporter-output>
  <suite started-at="2023-02-10T18:59:29 IST" name="Default suite" finished-at="2023-02-10T19:00:13 IST" duration-ms="43893">
    <groups>
    </groups>
    <test started-at="2023-02-10T18:59:29 IST" name="Default test" finished-at="2023-02-10T19:00:13 IST" duration-ms="43893">
      <class name="supertailsTest.tests.HomePageTest">
        <test-method is-config="true" signature="config()[pri:0, instance:supertailsTest.tests.HomePageTest@942a29c]" started-at="2023-02-10T18:59:29 IST" name="config" finished-at="2023-02-10T19:00:12 IST" duration-ms="42796" status="PASS">
          <reporter-output>
          </reporter-output>
        </test-method> <!-- config -->
        <test-method signature="homepageTest()[pri:0, instance:supertailsTest.tests.HomePageTest@942a29c]" started-at="2023-02-10T19:00:12 IST" name="homepageTest" finished-at="2023-02-10T19:00:13 IST" duration-ms="889" status="PASS">
          <reporter-output>
          </reporter-output>
        </test-method> <!-- homepageTest -->
      </class> <!-- supertailsTest.tests.HomePageTest -->
    </test> <!-- Default test -->
  </suite> <!-- Default suite -->
</testng-results>
